#
# There is insufficient memory for the Java Runtime Environment to continue.
# Native memory allocation (malloc) failed to allocate 1551984 bytes. Error detail: Chunk::new
# Possible reasons:
#   The system is out of physical RAM or swap space
#   This process is running with CompressedOops enabled, and the Java Heap may be blocking the growth of the native heap
# Possible solutions:
#   Reduce memory load on the system
#   Increase physical memory or swap space
#   Check if swap backing store is full
#   Decrease Java heap size (-Xmx/-Xms)
#   Decrease number of Java threads
#   Decrease Java thread stack sizes (-Xss)
#   Set larger code cache with -XX:ReservedCodeCacheSize=
#   JVM is running with Unscaled Compressed Oops mode in which the Java heap is
#     placed in the first 4GB address space. The Java Heap base address is the
#     maximum limit for the native heap growth. Please use -XX:HeapBaseMinAddress
#     to set the Java Heap base and to place the Java Heap above 4GB virtual address.
# This output file may be truncated or incomplete.
#
#  Out of Memory Error (arena.cpp:168), pid=26532, tid=20028
#
# JRE version: OpenJDK Runtime Environment Temurin-21.0.9+10 (21.0.9+10) (build 21.0.9+10-LTS)
# Java VM: OpenJDK 64-Bit Server VM Temurin-21.0.9+10 (21.0.9+10-LTS, mixed mode, sharing, tiered, compressed oops, compressed class ptrs, parallel gc, windows-amd64)
# No core dump will be written. Minidumps are not enabled by default on client versions of Windows
#

---------------  S U M M A R Y ------------

Command Line: --add-modules=ALL-SYSTEM --add-opens=java.base/java.util=ALL-UNNAMED --add-opens=java.base/java.lang=ALL-UNNAMED --add-opens=java.base/sun.nio.fs=ALL-UNNAMED -Declipse.application=org.eclipse.jdt.ls.core.id1 -Dosgi.bundles.defaultStartLevel=4 -Declipse.product=org.eclipse.jdt.ls.core.product -Djava.import.generatesMetadataFilesAtProjectRoot=false -DDetectVMInstallationsJob.disabled=true -Dfile.encoding=utf8 -XX:+UseParallelGC -XX:GCTimeRatio=4 -XX:AdaptiveSizePolicyWeight=90 -Dsun.zip.disableMemoryMapping=true -Xmx2G -Xms100m -Xlog:disable -javaagent:c:\Users\zury sarahi\.vscode\extensions\redhat.java-1.50.0-win32-x64\lombok\lombok-1.18.39-4050.jar -XX:+HeapDumpOnOutOfMemoryError -XX:HeapDumpPath=c:\Users\zury sarahi\AppData\Roaming\Code\User\workspaceStorage\18a07e67131bd1c454c148e9f1c50ca5\redhat.java -Daether.dependencyCollector.impl=bf c:\Users\zury sarahi\.vscode\extensions\redhat.java-1.50.0-win32-x64\server\plugins\org.eclipse.equinox.launcher_1.7.100.v20251111-0406.jar -configuration c:\Users\zury sarahi\AppData\Roaming\Code\User\globalStorage\redhat.java\1.50.0\config_win -data c:\Users\zury sarahi\AppData\Roaming\Code\User\workspaceStorage\18a07e67131bd1c454c148e9f1c50ca5\redhat.java\jdt_ws --pipe=\\.\pipe\lsp-b0257ec83c17e742010b6f005f23fdac-sock

Host: AMD Ryzen 3 7320U with Radeon Graphics         , 8 cores, 7G,  Windows 11 , 64 bit Build 26100 (10.0.26100.7309)
Time: Thu Dec  4 15:27:29 2025 Hora estándar central (México) elapsed time: 14293.458728 seconds (0d 3h 58m 13s)

---------------  T H R E A D  ---------------

Current thread (0x0000015ef6e9adb0):  JavaThread "C2 CompilerThread0" daemon [_thread_in_native, id=20028, stack(0x0000002c69200000,0x0000002c69300000) (1024K)]


Current CompileTask:
C2:14293459 14833       4       org.eclipse.jdt.internal.compiler.lookup.BinaryTypeBinding::createMethod (1666 bytes)

Stack: [0x0000002c69200000,0x0000002c69300000]
Native frames: (J=compiled Java code, j=interpreted, Vv=VM code, C=native code)
V  [jvm.dll+0x6d6e29]
V  [jvm.dll+0x8b4b76]
V  [jvm.dll+0x8b712e]
V  [jvm.dll+0x8b7813]
V  [jvm.dll+0x283d86]
V  [jvm.dll+0xc66ed]
V  [jvm.dll+0xc6c31]
V  [jvm.dll+0x3be53b]
V  [jvm.dll+0x38ab92]
V  [jvm.dll+0x389fda]
V  [jvm.dll+0x24bfa0]
V  [jvm.dll+0x24b580]
V  [jvm.dll+0x1cb13e]
V  [jvm.dll+0x25b29d]
V  [jvm.dll+0x25982a]
V  [jvm.dll+0x3f7ea6]
V  [jvm.dll+0x85e9ad]
V  [jvm.dll+0x6d565d]
C  [ucrtbase.dll+0x37b0]
C  [KERNEL32.DLL+0x2e8d7]
C  [ntdll.dll+0x8c53c]


---------------  P R O C E S S  ---------------

Threads class SMR info:
_java_thread_list=0x0000015ed0b4a880, length=46, elements={
0x0000015eed308280, 0x0000015eed5a8960, 0x0000015eed5abde0, 0x0000015eed5ae930,
0x0000015ef6e945c0, 0x0000015ef6e97120, 0x0000015ef6e97b70, 0x0000015ef6e9adb0,
0x0000015ef88a72b0, 0x0000015ef8aedfe0, 0x0000015ef8b93810, 0x0000015efd7dfad0,
0x0000015efd0bf0e0, 0x0000015ef8b5cb20, 0x0000015ef8b5d550, 0x0000015efd9420a0,
0x0000015efd6c8c00, 0x0000015ef8aa4a70, 0x0000015efdc23c80, 0x0000015efd971670,
0x0000015efd970950, 0x0000015efd972390, 0x0000015efd96ef10, 0x0000015efef8e6b0,
0x0000015efef8ed40, 0x0000015efef8d990, 0x0000015efef900f0, 0x0000015efef8f3d0,
0x0000015efef8fa60, 0x0000015efef90780, 0x0000015efef90e10, 0x0000015efef914a0,
0x0000015ed06d4360, 0x0000015ed06d6ac0, 0x0000015ed06d3cd0, 0x0000015ed06d7e70,
0x0000015ed06d5710, 0x0000015ed06da5d0, 0x0000015ed06d77e0, 0x0000015ed06d98b0,
0x0000015ed06d9f40, 0x0000015ed06db2f0, 0x0000015efef8e020, 0x0000015efef92850,
0x0000015efef93570, 0x0000015efef92ee0
}

Java Threads: ( => current thread )
  0x0000015eed308280 JavaThread "main"                              [_thread_blocked, id=26536, stack(0x0000002c68800000,0x0000002c68900000) (1024K)]
  0x0000015eed5a8960 JavaThread "Reference Handler"          daemon [_thread_blocked, id=19448, stack(0x0000002c68c00000,0x0000002c68d00000) (1024K)]
  0x0000015eed5abde0 JavaThread "Finalizer"                  daemon [_thread_blocked, id=3900, stack(0x0000002c68d00000,0x0000002c68e00000) (1024K)]
  0x0000015eed5ae930 JavaThread "Signal Dispatcher"          daemon [_thread_blocked, id=26140, stack(0x0000002c68e00000,0x0000002c68f00000) (1024K)]
  0x0000015ef6e945c0 JavaThread "Attach Listener"            daemon [_thread_blocked, id=24332, stack(0x0000002c68f00000,0x0000002c69000000) (1024K)]
  0x0000015ef6e97120 JavaThread "Service Thread"             daemon [_thread_blocked, id=26048, stack(0x0000002c69000000,0x0000002c69100000) (1024K)]
  0x0000015ef6e97b70 JavaThread "Monitor Deflation Thread"   daemon [_thread_blocked, id=26328, stack(0x0000002c69100000,0x0000002c69200000) (1024K)]
=>0x0000015ef6e9adb0 JavaThread "C2 CompilerThread0"         daemon [_thread_in_native, id=20028, stack(0x0000002c69200000,0x0000002c69300000) (1024K)]
  0x0000015ef88a72b0 JavaThread "C1 CompilerThread0"         daemon [_thread_blocked, id=22896, stack(0x0000002c69300000,0x0000002c69400000) (1024K)]
  0x0000015ef8aedfe0 JavaThread "Common-Cleaner"             daemon [_thread_blocked, id=19768, stack(0x0000002c69400000,0x0000002c69500000) (1024K)]
  0x0000015ef8b93810 JavaThread "Notification Thread"        daemon [_thread_blocked, id=26508, stack(0x0000002c69500000,0x0000002c69600000) (1024K)]
  0x0000015efd7dfad0 JavaThread "Active Thread: Equinox Container: db24164f-9981-4795-baf3-cb28b5b2ebf5"        [_thread_blocked, id=4104, stack(0x0000002c69600000,0x0000002c69700000) (1024K)]
  0x0000015efd0bf0e0 JavaThread "Refresh Thread: Equinox Container: db24164f-9981-4795-baf3-cb28b5b2ebf5" daemon [_thread_blocked, id=19436, stack(0x0000002c69d00000,0x0000002c69e00000) (1024K)]
  0x0000015ef8b5cb20 JavaThread "Framework Event Dispatcher: Equinox Container: db24164f-9981-4795-baf3-cb28b5b2ebf5" daemon [_thread_blocked, id=24452, stack(0x0000002c69f00000,0x0000002c6a000000) (1024K)]
  0x0000015ef8b5d550 JavaThread "Start Level: Equinox Container: db24164f-9981-4795-baf3-cb28b5b2ebf5" daemon [_thread_blocked, id=22204, stack(0x0000002c6a000000,0x0000002c6a100000) (1024K)]
  0x0000015efd9420a0 JavaThread "Bundle File Closer"         daemon [_thread_blocked, id=19356, stack(0x0000002c6a100000,0x0000002c6a200000) (1024K)]
  0x0000015efd6c8c00 JavaThread "SCR Component Actor"        daemon [_thread_blocked, id=20616, stack(0x0000002c68500000,0x0000002c68600000) (1024K)]
  0x0000015ef8aa4a70 JavaThread "Worker-JM"                         [_thread_blocked, id=17588, stack(0x0000002c6a200000,0x0000002c6a300000) (1024K)]
  0x0000015efdc23c80 JavaThread "JNA Cleaner"                daemon [_thread_blocked, id=25868, stack(0x0000002c6a300000,0x0000002c6a400000) (1024K)]
  0x0000015efd971670 JavaThread "Java indexing"              daemon [_thread_blocked, id=24700, stack(0x0000002c6a800000,0x0000002c6a900000) (1024K)]
  0x0000015efd970950 JavaThread "Thread-1"                   daemon [_thread_in_native, id=6448, stack(0x0000002c6ad00000,0x0000002c6ae00000) (1024K)]
  0x0000015efd972390 JavaThread "Thread-2"                   daemon [_thread_in_native, id=9372, stack(0x0000002c6ae00000,0x0000002c6af00000) (1024K)]
  0x0000015efd96ef10 JavaThread "Thread-3"                   daemon [_thread_in_native, id=3948, stack(0x0000002c6af00000,0x0000002c6b000000) (1024K)]
  0x0000015efef8e6b0 JavaThread "Thread-4"                   daemon [_thread_in_native, id=25108, stack(0x0000002c6b000000,0x0000002c6b100000) (1024K)]
  0x0000015efef8ed40 JavaThread "Thread-5"                   daemon [_thread_in_native, id=25056, stack(0x0000002c6b100000,0x0000002c6b200000) (1024K)]
  0x0000015efef8d990 JavaThread "Thread-6"                   daemon [_thread_in_native, id=22252, stack(0x0000002c6b200000,0x0000002c6b300000) (1024K)]
  0x0000015efef900f0 JavaThread "Thread-7"                   daemon [_thread_in_native, id=22332, stack(0x0000002c6b300000,0x0000002c6b400000) (1024K)]
  0x0000015efef8f3d0 JavaThread "Thread-8"                   daemon [_thread_in_native, id=22836, stack(0x0000002c6b400000,0x0000002c6b500000) (1024K)]
  0x0000015efef8fa60 JavaThread "Thread-9"                   daemon [_thread_in_native, id=25168, stack(0x0000002c6b500000,0x0000002c6b600000) (1024K)]
  0x0000015efef90780 JavaThread "pool-2-thread-1"                   [_thread_blocked, id=24748, stack(0x0000002c6b600000,0x0000002c6b700000) (1024K)]
  0x0000015efef90e10 JavaThread "WorkspaceEventsHandler"            [_thread_blocked, id=23736, stack(0x0000002c6b700000,0x0000002c6b800000) (1024K)]
  0x0000015efef914a0 JavaThread "pool-1-thread-1"                   [_thread_blocked, id=16476, stack(0x0000002c6b800000,0x0000002c6b900000) (1024K)]
  0x0000015ed06d4360 JavaThread "Java Debug Server"          daemon [_thread_in_native, id=19320, stack(0x0000002c68600000,0x0000002c68700000) (1024K)]
  0x0000015ed06d6ac0 JavaThread "RxSchedulerPurge-1"         daemon [_thread_blocked, id=8020, stack(0x0000002c6a700000,0x0000002c6a800000) (1024K)]
  0x0000015ed06d3cd0 JavaThread "RxCachedWorkerPoolEvictor-1" daemon [_thread_blocked, id=26404, stack(0x0000002c6a500000,0x0000002c6a600000) (1024K)]
  0x0000015ed06d7e70 JavaThread "Worker-6: Building"                [_thread_in_vm, id=25464, stack(0x0000002c6a600000,0x0000002c6a700000) (1024K)]
  0x0000015ed06d5710 JavaThread "Worker-8"                          [_thread_blocked, id=9140, stack(0x0000002c6ab00000,0x0000002c6ac00000) (1024K)]
  0x0000015ed06da5d0 JavaThread "Cleaner-0"                  daemon [_thread_blocked, id=23360, stack(0x0000002c6ac00000,0x0000002c6ad00000) (1024K)]
  0x0000015ed06d77e0 JavaThread "pool-4-thread-3"                   [_thread_in_native, id=24100, stack(0x0000002c6a400000,0x0000002c6a500000) (1024K)]
  0x0000015ed06d98b0 JavaThread "process reaper (pid 18860)" daemon [_thread_in_native, id=6832, stack(0x0000002c681c0000,0x0000002c681e0000) (128K)]
  0x0000015ed06d9f40 JavaThread "Worker-9"                          [_thread_blocked, id=21128, stack(0x0000002c6aa00000,0x0000002c6ab00000) (1024K)]
  0x0000015ed06db2f0 JavaThread "RxNewThreadScheduler-6"     daemon [_thread_blocked, id=15608, stack(0x0000002c6ba00000,0x0000002c6bb00000) (1024K)]
  0x0000015efef8e020 JavaThread "Worker-13"                         [_thread_blocked, id=18660, stack(0x0000002c6a900000,0x0000002c6aa00000) (1024K)]
  0x0000015efef92850 JavaThread "Worker-14"                         [_thread_blocked, id=4472, stack(0x0000002c6bd00000,0x0000002c6be00000) (1024K)]
  0x0000015efef93570 JavaThread "Worker-15"                         [_thread_blocked, id=9812, stack(0x0000002c6be00000,0x0000002c6bf00000) (1024K)]
  0x0000015efef92ee0 JavaThread "ForkJoinPool.commonPool-worker-18" daemon [_thread_blocked, id=28060, stack(0x0000002c68700000,0x0000002c68800000) (1024K)]
Total: 46

Other Threads:
  0x0000015eed58eae0 VMThread "VM Thread"                           [id=18472, stack(0x0000002c68b00000,0x0000002c68c00000) (1024K)] _threads_hazard_ptr=0x0000015ed0b4a880
  0x0000015ef6daba00 WatcherThread "VM Periodic Task Thread"        [id=26516, stack(0x0000002c68a00000,0x0000002c68b00000) (1024K)]
  0x0000015eed512880 WorkerThread "GC Thread#0"                     [id=21004, stack(0x0000002c68900000,0x0000002c68a00000) (1024K)]
  0x0000015efd1d5a10 WorkerThread "GC Thread#1"                     [id=26280, stack(0x0000002c69700000,0x0000002c69800000) (1024K)]
  0x0000015efd3fa460 WorkerThread "GC Thread#2"                     [id=1808, stack(0x0000002c69800000,0x0000002c69900000) (1024K)]
  0x0000015efd3f2430 WorkerThread "GC Thread#3"                     [id=26200, stack(0x0000002c69900000,0x0000002c69a00000) (1024K)]
  0x0000015efd3f27d0 WorkerThread "GC Thread#4"                     [id=17888, stack(0x0000002c69a00000,0x0000002c69b00000) (1024K)]
  0x0000015efd3f2b70 WorkerThread "GC Thread#5"                     [id=26548, stack(0x0000002c69b00000,0x0000002c69c00000) (1024K)]
  0x0000015efd3f2f10 WorkerThread "GC Thread#6"                     [id=25520, stack(0x0000002c69c00000,0x0000002c69d00000) (1024K)]
  0x0000015ef8ad4e50 WorkerThread "GC Thread#7"                     [id=16256, stack(0x0000002c69e00000,0x0000002c69f00000) (1024K)]
Total: 10

Threads with active compile tasks:
C2 CompilerThread0  14293534 14833       4       org.eclipse.jdt.internal.compiler.lookup.BinaryTypeBinding::createMethod (1666 bytes)
Total: 1

VM state: synchronizing (normal execution)

VM Mutex/Monitor currently owned by a thread:  ([mutex/lock_event])
[0x00007ff9be33d570] Threads_lock - owner thread: 0x0000015eed58eae0
[0x00007ff9be33d670] Heap_lock - owner thread: 0x0000015ed06d7e70
[0x00007ff9be33daf0] PSOldGenExpand_lock - owner thread: 0x0000015ed06d7e70

Heap address: 0x0000000080000000, size: 2048 MB, Compressed Oops mode: 32-bit

CDS archive(s) mapped at: [0x0000015e8f000000-0x0000015e8fba0000-0x0000015e8fba0000), size 12189696, SharedBaseAddress: 0x0000015e8f000000, ArchiveRelocationMode: 1.
Compressed class space mapped at: 0x0000015e90000000-0x0000015ed0000000, reserved size: 1073741824
Narrow klass base: 0x0000015e8f000000, Narrow klass shift: 0, Narrow klass range: 0x100000000

GC Precious Log:
 CardTable entry size: 512
 CPUs: 8 total, 8 available
 Memory: 7418M
 Large Page Support: Disabled
 NUMA Support: Disabled
 Compressed Oops: Enabled (32-bit)
 Alignments: Space 512K, Generation 512K, Heap 2M
 Heap Min Capacity: 100M
 Heap Initial Capacity: 100M
 Heap Max Capacity: 2G
 Pre-touch: Disabled
 Parallel Workers: 8

Heap:
 PSYoungGen      total 3072K, used 3067K [0x00000000d5580000, 0x00000000d5a80000, 0x0000000100000000)
  eden space 2560K, 100% used [0x00000000d5580000,0x00000000d5800000,0x00000000d5800000)
  from space 512K, 99% used [0x00000000d5900000,0x00000000d597ee78,0x00000000d5980000)
  to   space 1024K, 0% used [0x00000000d5800000,0x00000000d5800000,0x00000000d5900000)
 ParOldGen       total 1383936K, used 1382805K [0x0000000080000000, 0x00000000d4780000, 0x00000000d5580000)
  object space 1383936K, 99% used [0x0000000080000000,0x00000000d4665648,0x00000000d4780000)
 Metaspace       used 73545K, committed 75200K, reserved 1179648K
  class space    used 7713K, committed 8448K, reserved 1048576K

Card table byte_map: [0x0000015ef21e0000,0x0000015ef25f0000] _byte_map_base: 0x0000015ef1de0000

Marking Bits: (ParMarkBitMap*) 0x00007ff9be342460
 Begin Bits: [0x0000015ef28a0000, 0x0000015ef48a0000)
 End Bits:   [0x0000015ef48a0000, 0x0000015ef68a0000)

Polling page: 0x0000015eed5b0000

Metaspace:

Usage:
  Non-class:     64.29 MB used.
      Class:      7.53 MB used.
       Both:     71.82 MB used.

Virtual space:
  Non-class space:      128.00 MB reserved,      65.19 MB ( 51%) committed,  2 nodes.
      Class space:        1.00 GB reserved,       8.25 MB ( <1%) committed,  1 nodes.
             Both:        1.12 GB reserved,      73.44 MB (  6%) committed. 

Chunk freelists:
   Non-Class:  14.56 MB
       Class:  7.65 MB
        Both:  22.21 MB

MaxMetaspaceSize: unlimited
CompressedClassSpaceSize: 1.00 GB
Initial GC threshold: 21.00 MB
Current GC threshold: 97.31 MB
CDS: on
 - commit_granule_bytes: 65536.
 - commit_granule_words: 8192.
 - virtual_space_node_default_size: 8388608.
 - enlarge_chunks_in_place: 1.
 - use_allocation_guard: 0.


Internal statistics:

num_allocs_failed_limit: 9.
num_arena_births: 1422.
num_arena_deaths: 14.
num_vsnodes_births: 3.
num_vsnodes_deaths: 0.
num_space_committed: 1175.
num_space_uncommitted: 0.
num_chunks_returned_to_freelist: 23.
num_chunks_taken_from_freelist: 5015.
num_chunk_merges: 12.
num_chunk_splits: 3053.
num_chunks_enlarged: 1653.
num_inconsistent_stats: 0.

CodeHeap 'non-profiled nmethods': size=120000Kb used=11575Kb max_used=11575Kb free=108424Kb
 bounds [0x0000015e87ad0000, 0x0000015e88620000, 0x0000015e8f000000]
CodeHeap 'profiled nmethods': size=120000Kb used=32548Kb max_used=32548Kb free=87451Kb
 bounds [0x0000015e80000000, 0x0000015e81fd0000, 0x0000015e87530000]
CodeHeap 'non-nmethods': size=5760Kb used=1475Kb max_used=1534Kb free=4285Kb
 bounds [0x0000015e87530000, 0x0000015e877a0000, 0x0000015e87ad0000]
CodeCache: size=245760Kb, used=45598Kb, max_used=45657Kb, free=200160Kb
 total_blobs=14831, nmethods=14035, adapters=700, full_count=0
Compilation: enabled, stopped_count=0, restarted_count=0

Compilation events (20 events):
Event: 14292.149 Thread 0x0000015ef88a72b0 14856       3       org.eclipse.jdt.internal.core.CompilationUnit::isWorkingCopy (18 bytes)
Event: 14292.169 Thread 0x0000015ef88a72b0 nmethod 14856 0x0000015e81fb5e90 code [0x0000015e81fb6060, 0x0000015e81fb63d8]
Event: 14292.169 Thread 0x0000015ef88a72b0 14858       1       org.apache.maven.execution.DefaultMavenExecutionRequest::getStartTime (5 bytes)
Event: 14292.170 Thread 0x0000015ef88a72b0 nmethod 14858 0x0000015e8861d990 code [0x0000015e8861db20, 0x0000015e8861dbf0]
Event: 14292.174 Thread 0x0000015ef88a72b0 14860       3       org.codehaus.plexus.component.configurator.converters.basic.StringConverter::canConvert (7 bytes)
Event: 14292.182 Thread 0x0000015ef88a72b0 nmethod 14860 0x0000015e81fb6490 code [0x0000015e81fb6640, 0x0000015e81fb6888]
Event: 14292.182 Thread 0x0000015ef88a72b0 14861   !   3       org.codehaus.plexus.component.configurator.converters.AbstractConfigurationConverter::fromExpression (200 bytes)
Event: 14292.187 Thread 0x0000015ef88a72b0 nmethod 14861 0x0000015e81fb6990 code [0x0000015e81fb6d40, 0x0000015e81fb8d00]
Event: 14292.187 Thread 0x0000015ef88a72b0 14862   !   3       org.eclipse.jdt.internal.core.JavaModelManager$ZipCache::flush (182 bytes)
Event: 14292.227 Thread 0x0000015ef88a72b0 nmethod 14862 0x0000015e81fb9890 code [0x0000015e81fb9c20, 0x0000015e81fbb1c0]
Event: 14292.233 Thread 0x0000015ef88a72b0 14863       3       org.eclipse.jdt.internal.compiler.lookup.Scope::getPackage (247 bytes)
Event: 14292.235 Thread 0x0000015ef88a72b0 nmethod 14863 0x0000015e81fbbb10 code [0x0000015e81fbbf60, 0x0000015e81fbe6e0]
Event: 14292.235 Thread 0x0000015ef88a72b0 14865       3       org.eclipse.jdt.core.compiler.CharOperation::replace (225 bytes)
Event: 14292.237 Thread 0x0000015ef88a72b0 nmethod 14865 0x0000015e81fbf090 code [0x0000015e81fbf2e0, 0x0000015e81fbfe08]
Event: 14292.237 Thread 0x0000015ef88a72b0 14864       3       org.eclipse.jdt.internal.compiler.ast.QualifiedTypeReference::rejectAnnotationsOnPackageQualifiers (129 bytes)
Event: 14292.239 Thread 0x0000015ef88a72b0 nmethod 14864 0x0000015e81fc0310 code [0x0000015e81fc0540, 0x0000015e81fc0e80]
Event: 14292.288 Thread 0x0000015ef88a72b0 14868       3       org.eclipse.jdt.internal.compiler.ast.ASTNode::isTypeUseDeprecated (254 bytes)
Event: 14292.296 Thread 0x0000015ef88a72b0 nmethod 14868 0x0000015e81fc1290 code [0x0000015e81fc1680, 0x0000015e81fc3738]
Event: 14292.296 Thread 0x0000015ef88a72b0 14869       3       org.eclipse.jdt.internal.compiler.lookup.ClassScope::buildMethods (591 bytes)
Event: 14292.310 Thread 0x0000015ef88a72b0 nmethod 14869 0x0000015e81fc4190 code [0x0000015e81fc46a0, 0x0000015e81fc7e20]

GC Heap History (20 events):
Event: 14292.048 GC heap before
{Heap before GC invocations=448 (full 3):
 PSYoungGen      total 2560K, used 2463K [0x00000000d5580000, 0x00000000d5900000, 0x0000000100000000)
  eden space 2048K, 99% used [0x00000000d5580000,0x00000000d577ffd0,0x00000000d5780000)
  from space 512K, 81% used [0x00000000d5880000,0x00000000d58e8000,0x00000000d5900000)
  to   space 512K, 0% used [0x00000000d5800000,0x00000000d5800000,0x00000000d5880000)
 ParOldGen       total 1351680K, used 1350552K [0x0000000080000000, 0x00000000d2800000, 0x00000000d5580000)
  object space 1351680K, 99% used [0x0000000080000000,0x00000000d26e6210,0x00000000d2800000)
 Metaspace       used 73518K, committed 75200K, reserved 1179648K
  class space    used 7713K, committed 8448K, reserved 1048576K
}
Event: 14292.058 GC heap after
{Heap after GC invocations=448 (full 3):
 PSYoungGen      total 2560K, used 506K [0x00000000d5580000, 0x00000000d5980000, 0x0000000100000000)
  eden space 2048K, 0% used [0x00000000d5580000,0x00000000d5580000,0x00000000d5780000)
  from space 512K, 98% used [0x00000000d5800000,0x00000000d587e900,0x00000000d5880000)
  to   space 1024K, 0% used [0x00000000d5880000,0x00000000d5880000,0x00000000d5980000)
 ParOldGen       total 1351680K, used 1350880K [0x0000000080000000, 0x00000000d2800000, 0x00000000d5580000)
  object space 1351680K, 99% used [0x0000000080000000,0x00000000d2738210,0x00000000d2800000)
 Metaspace       used 73518K, committed 75200K, reserved 1179648K
  class space    used 7713K, committed 8448K, reserved 1048576K
}
Event: 14292.063 GC heap before
{Heap before GC invocations=449 (full 3):
 PSYoungGen      total 2560K, used 2530K [0x00000000d5580000, 0x00000000d5980000, 0x0000000100000000)
  eden space 2048K, 98% used [0x00000000d5580000,0x00000000d577a168,0x00000000d5780000)
  from space 512K, 98% used [0x00000000d5800000,0x00000000d587e900,0x00000000d5880000)
  to   space 1024K, 0% used [0x00000000d5880000,0x00000000d5880000,0x00000000d5980000)
 ParOldGen       total 1351680K, used 1350880K [0x0000000080000000, 0x00000000d2800000, 0x00000000d5580000)
  object space 1351680K, 99% used [0x0000000080000000,0x00000000d2738210,0x00000000d2800000)
 Metaspace       used 73518K, committed 75200K, reserved 1179648K
  class space    used 7713K, committed 8448K, reserved 1048576K
}
Event: 14292.072 GC heap after
{Heap after GC invocations=449 (full 3):
 PSYoungGen      total 2560K, used 224K [0x00000000d5580000, 0x00000000d5900000, 0x0000000100000000)
  eden space 2048K, 0% used [0x00000000d5580000,0x00000000d5580000,0x00000000d5780000)
  from space 512K, 43% used [0x00000000d5880000,0x00000000d58b8000,0x00000000d5900000)
  to   space 512K, 0% used [0x00000000d5800000,0x00000000d5800000,0x00000000d5880000)
 ParOldGen       total 1354752K, used 1354166K [0x0000000080000000, 0x00000000d2b00000, 0x00000000d5580000)
  object space 1354752K, 99% used [0x0000000080000000,0x00000000d2a6d940,0x00000000d2b00000)
 Metaspace       used 73518K, committed 75200K, reserved 1179648K
  class space    used 7713K, committed 8448K, reserved 1048576K
}
Event: 14292.085 GC heap before
{Heap before GC invocations=450 (full 3):
 PSYoungGen      total 2560K, used 2272K [0x00000000d5580000, 0x00000000d5900000, 0x0000000100000000)
  eden space 2048K, 100% used [0x00000000d5580000,0x00000000d5780000,0x00000000d5780000)
  from space 512K, 43% used [0x00000000d5880000,0x00000000d58b8000,0x00000000d5900000)
  to   space 512K, 0% used [0x00000000d5800000,0x00000000d5800000,0x00000000d5880000)
 ParOldGen       total 1356288K, used 1355646K [0x0000000080000000, 0x00000000d2c80000, 0x00000000d5580000)
  object space 1356288K, 99% used [0x0000000080000000,0x00000000d2bdfbd8,0x00000000d2c80000)
 Metaspace       used 73518K, committed 75200K, reserved 1179648K
  class space    used 7713K, committed 8448K, reserved 1048576K
}
Event: 14292.095 GC heap after
{Heap after GC invocations=450 (full 3):
 PSYoungGen      total 3072K, used 224K [0x00000000d5580000, 0x00000000d5900000, 0x0000000100000000)
  eden space 2560K, 0% used [0x00000000d5580000,0x00000000d5580000,0x00000000d5800000)
  from space 512K, 43% used [0x00000000d5800000,0x00000000d5838000,0x00000000d5880000)
  to   space 512K, 0% used [0x00000000d5880000,0x00000000d5880000,0x00000000d5900000)
 ParOldGen       total 1356288K, used 1355718K [0x0000000080000000, 0x00000000d2c80000, 0x00000000d5580000)
  object space 1356288K, 99% used [0x0000000080000000,0x00000000d2bf1bd8,0x00000000d2c80000)
 Metaspace       used 73518K, committed 75200K, reserved 1179648K
  class space    used 7713K, committed 8448K, reserved 1048576K
}
Event: 14292.110 GC heap before
{Heap before GC invocations=451 (full 3):
 PSYoungGen      total 3072K, used 2784K [0x00000000d5580000, 0x00000000d5900000, 0x0000000100000000)
  eden space 2560K, 100% used [0x00000000d5580000,0x00000000d5800000,0x00000000d5800000)
  from space 512K, 43% used [0x00000000d5800000,0x00000000d5838000,0x00000000d5880000)
  to   space 512K, 0% used [0x00000000d5880000,0x00000000d5880000,0x00000000d5900000)
 ParOldGen       total 1356288K, used 1355718K [0x0000000080000000, 0x00000000d2c80000, 0x00000000d5580000)
  object space 1356288K, 99% used [0x0000000080000000,0x00000000d2bf1bd8,0x00000000d2c80000)
 Metaspace       used 73520K, committed 75200K, reserved 1179648K
  class space    used 7713K, committed 8448K, reserved 1048576K
}
Event: 14292.121 GC heap after
{Heap after GC invocations=451 (full 3):
 PSYoungGen      total 2560K, used 512K [0x00000000d5580000, 0x00000000d5a80000, 0x0000000100000000)
  eden space 2048K, 0% used [0x00000000d5580000,0x00000000d5580000,0x00000000d5780000)
  from space 512K, 100% used [0x00000000d5880000,0x00000000d5900000,0x00000000d5900000)
  to   space 1024K, 0% used [0x00000000d5780000,0x00000000d5780000,0x00000000d5880000)
 ParOldGen       total 1356288K, used 1355862K [0x0000000080000000, 0x00000000d2c80000, 0x00000000d5580000)
  object space 1356288K, 99% used [0x0000000080000000,0x00000000d2c15bd8,0x00000000d2c80000)
 Metaspace       used 73520K, committed 75200K, reserved 1179648K
  class space    used 7713K, committed 8448K, reserved 1048576K
}
Event: 14292.161 GC heap before
{Heap before GC invocations=452 (full 3):
 PSYoungGen      total 2560K, used 2560K [0x00000000d5580000, 0x00000000d5a80000, 0x0000000100000000)
  eden space 2048K, 100% used [0x00000000d5580000,0x00000000d5780000,0x00000000d5780000)
  from space 512K, 100% used [0x00000000d5880000,0x00000000d5900000,0x00000000d5900000)
  to   space 1024K, 0% used [0x00000000d5780000,0x00000000d5780000,0x00000000d5880000)
 ParOldGen       total 1356288K, used 1355862K [0x0000000080000000, 0x00000000d2c80000, 0x00000000d5580000)
  object space 1356288K, 99% used [0x0000000080000000,0x00000000d2c15bd8,0x00000000d2c80000)
 Metaspace       used 73524K, committed 75200K, reserved 1179648K
  class space    used 7713K, committed 8448K, reserved 1048576K
}
Event: 14292.168 GC heap after
{Heap after GC invocations=452 (full 3):
 PSYoungGen      total 3072K, used 506K [0x00000000d5580000, 0x00000000d5a00000, 0x0000000100000000)
  eden space 2048K, 0% used [0x00000000d5580000,0x00000000d5580000,0x00000000d5780000)
  from space 1024K, 49% used [0x00000000d5780000,0x00000000d57fe900,0x00000000d5880000)
  to   space 1024K, 0% used [0x00000000d5900000,0x00000000d5900000,0x00000000d5a00000)
 ParOldGen       total 1356288K, used 1356190K [0x0000000080000000, 0x00000000d2c80000, 0x00000000d5580000)
  object space 1356288K, 99% used [0x0000000080000000,0x00000000d2c67bd8,0x00000000d2c80000)
 Metaspace       used 73524K, committed 75200K, reserved 1179648K
  class space    used 7713K, committed 8448K, reserved 1048576K
}
Event: 14292.175 GC heap before
{Heap before GC invocations=453 (full 3):
 PSYoungGen      total 3072K, used 2554K [0x00000000d5580000, 0x00000000d5a00000, 0x0000000100000000)
  eden space 2048K, 99% used [0x00000000d5580000,0x00000000d577ffe8,0x00000000d5780000)
  from space 1024K, 49% used [0x00000000d5780000,0x00000000d57fe900,0x00000000d5880000)
  to   space 1024K, 0% used [0x00000000d5900000,0x00000000d5900000,0x00000000d5a00000)
 ParOldGen       total 1356288K, used 1356190K [0x0000000080000000, 0x00000000d2c80000, 0x00000000d5580000)
  object space 1356288K, 99% used [0x0000000080000000,0x00000000d2c67bf8,0x00000000d2c80000)
 Metaspace       used 73524K, committed 75200K, reserved 1179648K
  class space    used 7713K, committed 8448K, reserved 1048576K
}
Event: 14292.181 GC heap after
{Heap after GC invocations=453 (full 3):
 PSYoungGen      total 3072K, used 409K [0x00000000d5580000, 0x00000000d5980000, 0x0000000100000000)
  eden space 2560K, 0% used [0x00000000d5580000,0x00000000d5580000,0x00000000d5800000)
  from space 512K, 79% used [0x00000000d5900000,0x00000000d5966560,0x00000000d5980000)
  to   space 512K, 0% used [0x00000000d5880000,0x00000000d5880000,0x00000000d5900000)
 ParOldGen       total 1358336K, used 1358032K [0x0000000080000000, 0x00000000d2e80000, 0x00000000d5580000)
  object space 1358336K, 99% used [0x0000000080000000,0x00000000d2e340a0,0x00000000d2e80000)
 Metaspace       used 73524K, committed 75200K, reserved 1179648K
  class space    used 7713K, committed 8448K, reserved 1048576K
}
Event: 14292.192 GC heap before
{Heap before GC invocations=454 (full 3):
 PSYoungGen      total 3072K, used 2969K [0x00000000d5580000, 0x00000000d5980000, 0x0000000100000000)
  eden space 2560K, 100% used [0x00000000d5580000,0x00000000d5800000,0x00000000d5800000)
  from space 512K, 79% used [0x00000000d5900000,0x00000000d5966560,0x00000000d5980000)
  to   space 512K, 0% used [0x00000000d5880000,0x00000000d5880000,0x00000000d5900000)
 ParOldGen       total 1358848K, used 1358367K [0x0000000080000000, 0x00000000d2f00000, 0x00000000d5580000)
  object space 1358848K, 99% used [0x0000000080000000,0x00000000d2e87c50,0x00000000d2f00000)
 Metaspace       used 73527K, committed 75200K, reserved 1179648K
  class space    used 7713K, committed 8448K, reserved 1048576K
}
Event: 14292.197 GC heap after
{Heap after GC invocations=454 (full 3):
 PSYoungGen      total 3584K, used 192K [0x00000000d5580000, 0x00000000d5980000, 0x0000000100000000)
  eden space 3072K, 0% used [0x00000000d5580000,0x00000000d5580000,0x00000000d5880000)
  from space 512K, 37% used [0x00000000d5880000,0x00000000d58b0000,0x00000000d5900000)
  to   space 512K, 0% used [0x00000000d5900000,0x00000000d5900000,0x00000000d5980000)
 ParOldGen       total 1358848K, used 1358399K [0x0000000080000000, 0x00000000d2f00000, 0x00000000d5580000)
  object space 1358848K, 99% used [0x0000000080000000,0x00000000d2e8fc50,0x00000000d2f00000)
 Metaspace       used 73527K, committed 75200K, reserved 1179648K
  class space    used 7713K, committed 8448K, reserved 1048576K
}
Event: 14292.227 GC heap before
{Heap before GC invocations=455 (full 3):
 PSYoungGen      total 3584K, used 3264K [0x00000000d5580000, 0x00000000d5980000, 0x0000000100000000)
  eden space 3072K, 100% used [0x00000000d5580000,0x00000000d5880000,0x00000000d5880000)
  from space 512K, 37% used [0x00000000d5880000,0x00000000d58b0000,0x00000000d5900000)
  to   space 512K, 0% used [0x00000000d5900000,0x00000000d5900000,0x00000000d5980000)
 ParOldGen       total 1358848K, used 1358399K [0x0000000080000000, 0x00000000d2f00000, 0x00000000d5580000)
  object space 1358848K, 99% used [0x0000000080000000,0x00000000d2e8fc50,0x00000000d2f00000)
 Metaspace       used 73527K, committed 75200K, reserved 1179648K
  class space    used 7713K, committed 8448K, reserved 1048576K
}
Event: 14292.233 GC heap after
{Heap after GC invocations=455 (full 3):
 PSYoungGen      total 3072K, used 512K [0x00000000d5580000, 0x00000000d5b80000, 0x0000000100000000)
  eden space 2560K, 0% used [0x00000000d5580000,0x00000000d5580000,0x00000000d5800000)
  from space 512K, 100% used [0x00000000d5900000,0x00000000d5980000,0x00000000d5980000)
  to   space 1024K, 0% used [0x00000000d5800000,0x00000000d5800000,0x00000000d5900000)
 ParOldGen       total 1358848K, used 1358535K [0x0000000080000000, 0x00000000d2f00000, 0x00000000d5580000)
  object space 1358848K, 99% used [0x0000000080000000,0x00000000d2eb1c60,0x00000000d2f00000)
 Metaspace       used 73527K, committed 75200K, reserved 1179648K
  class space    used 7713K, committed 8448K, reserved 1048576K
}
Event: 14292.242 GC heap before
{Heap before GC invocations=456 (full 3):
 PSYoungGen      total 3072K, used 2938K [0x00000000d5580000, 0x00000000d5b80000, 0x0000000100000000)
  eden space 2560K, 94% used [0x00000000d5580000,0x00000000d57de9e8,0x00000000d5800000)
  from space 512K, 100% used [0x00000000d5900000,0x00000000d5980000,0x00000000d5980000)
  to   space 1024K, 0% used [0x00000000d5800000,0x00000000d5800000,0x00000000d5900000)
 ParOldGen       total 1358848K, used 1358535K [0x0000000080000000, 0x00000000d2f00000, 0x00000000d5580000)
  object space 1358848K, 99% used [0x0000000080000000,0x00000000d2eb1c60,0x00000000d2f00000)
 Metaspace       used 73531K, committed 75200K, reserved 1179648K
  class space    used 7713K, committed 8448K, reserved 1048576K
}
Event: 14292.248 GC heap after
{Heap after GC invocations=456 (full 3):
 PSYoungGen      total 3584K, used 250K [0x00000000d5580000, 0x00000000d5980000, 0x0000000100000000)
  eden space 2560K, 0% used [0x00000000d5580000,0x00000000d5580000,0x00000000d5800000)
  from space 1024K, 24% used [0x00000000d5800000,0x00000000d583e900,0x00000000d5900000)
  to   space 512K, 0% used [0x00000000d5900000,0x00000000d5900000,0x00000000d5980000)
 ParOldGen       total 1362432K, used 1361944K [0x0000000080000000, 0x00000000d3280000, 0x00000000d5580000)
  object space 1362432K, 99% used [0x0000000080000000,0x00000000d3206190,0x00000000d3280000)
 Metaspace       used 73531K, committed 75200K, reserved 1179648K
  class space    used 7713K, committed 8448K, reserved 1048576K
}
Event: 14292.270 GC heap before
{Heap before GC invocations=457 (full 3):
 PSYoungGen      total 3584K, used 2760K [0x00000000d5580000, 0x00000000d5980000, 0x0000000100000000)
  eden space 2560K, 98% used [0x00000000d5580000,0x00000000d57f3958,0x00000000d5800000)
  from space 1024K, 24% used [0x00000000d5800000,0x00000000d583e900,0x00000000d5900000)
  to   space 512K, 0% used [0x00000000d5900000,0x00000000d5900000,0x00000000d5980000)
 ParOldGen       total 1382400K, used 1381144K [0x0000000080000000, 0x00000000d4600000, 0x00000000d5580000)
  object space 1382400K, 99% used [0x0000000080000000,0x00000000d44c61b0,0x00000000d4600000)
 Metaspace       used 73531K, committed 75200K, reserved 1179648K
  class space    used 7713K, committed 8448K, reserved 1048576K
}
Event: 14292.274 GC heap after
{Heap after GC invocations=457 (full 3):
 PSYoungGen      total 3072K, used 507K [0x00000000d5580000, 0x00000000d5a80000, 0x0000000100000000)
  eden space 2560K, 0% used [0x00000000d5580000,0x00000000d5580000,0x00000000d5800000)
  from space 512K, 99% used [0x00000000d5900000,0x00000000d597ee78,0x00000000d5980000)
  to   space 1024K, 0% used [0x00000000d5800000,0x00000000d5800000,0x00000000d5900000)
 ParOldGen       total 1383936K, used 1382805K [0x0000000080000000, 0x00000000d4780000, 0x00000000d5580000)
  object space 1383936K, 99% used [0x0000000080000000,0x00000000d4665648,0x00000000d4780000)
 Metaspace       used 73531K, committed 75200K, reserved 1179648K
  class space    used 7713K, committed 8448K, reserved 1048576K
}

Dll operation events (11 events):
Event: 0.058 Loaded shared library c:\Users\zury sarahi\.vscode\extensions\redhat.java-1.50.0-win32-x64\jre\21.0.9-win32-x86_64\bin\java.dll
Event: 0.298 Loaded shared library c:\Users\zury sarahi\.vscode\extensions\redhat.java-1.50.0-win32-x64\jre\21.0.9-win32-x86_64\bin\zip.dll
Event: 0.397 Loaded shared library C:\Users\zury sarahi\.vscode\extensions\redhat.java-1.50.0-win32-x64\jre\21.0.9-win32-x86_64\bin\instrument.dll
Event: 0.419 Loaded shared library C:\Users\zury sarahi\.vscode\extensions\redhat.java-1.50.0-win32-x64\jre\21.0.9-win32-x86_64\bin\net.dll
Event: 0.424 Loaded shared library C:\Users\zury sarahi\.vscode\extensions\redhat.java-1.50.0-win32-x64\jre\21.0.9-win32-x86_64\bin\nio.dll
Event: 0.443 Loaded shared library C:\Users\zury sarahi\.vscode\extensions\redhat.java-1.50.0-win32-x64\jre\21.0.9-win32-x86_64\bin\zip.dll
Event: 0.519 Loaded shared library C:\Users\zury sarahi\.vscode\extensions\redhat.java-1.50.0-win32-x64\jre\21.0.9-win32-x86_64\bin\jimage.dll
Event: 0.795 Loaded shared library c:\Users\zury sarahi\.vscode\extensions\redhat.java-1.50.0-win32-x64\jre\21.0.9-win32-x86_64\bin\verify.dll
Event: 19.631 Loaded shared library C:\Users\zury sarahi\AppData\Roaming\Code\User\globalStorage\redhat.java\1.50.0\config_win\org.eclipse.equinox.launcher\org.eclipse.equinox.launcher.win32.win32.x86_64_1.2.1400.v20250801-0854\eclipse_11916.dll
Event: 42.716 Loaded shared library C:\Users\zury sarahi\AppData\Local\Temp\jna-554070492\jna15771132005690942827.dll
Event: 146.150 Loaded shared library C:\Users\zury sarahi\.vscode\extensions\redhat.java-1.50.0-win32-x64\jre\21.0.9-win32-x86_64\bin\extnet.dll

Deoptimization events (20 events):
Event: 14291.830 Thread 0x0000015efef92ee0 DEOPT PACKING pc=0x0000015e885f79a4 sp=0x0000002c687fdca0
Event: 14291.830 Thread 0x0000015efef92ee0 DEOPT UNPACKING pc=0x0000015e87583aa2 sp=0x0000002c687fdc10 mode 2
Event: 14291.873 Thread 0x0000015efef92ee0 Uncommon trap: trap_request=0xffffffd6 fr.pc=0x0000015e885ef5ec relative=0x000000000000048c
Event: 14291.873 Thread 0x0000015efef92ee0 Uncommon trap: reason=array_check action=maybe_recompile pc=0x0000015e885ef5ec method=org.eclipse.jdt.internal.compiler.lookup.UnresolvedReferenceBinding.addWrapper(Lorg/eclipse/jdt/internal/compiler/lookup/HotSwappable;Lorg/eclipse/jdt/internal/compiler/
Event: 14291.873 Thread 0x0000015efef92ee0 DEOPT PACKING pc=0x0000015e885ef5ec sp=0x0000002c687fcfd0
Event: 14291.873 Thread 0x0000015efef92ee0 DEOPT UNPACKING pc=0x0000015e87583aa2 sp=0x0000002c687fcf80 mode 2
Event: 14291.874 Thread 0x0000015efef92ee0 Uncommon trap: trap_request=0xffffffd6 fr.pc=0x0000015e885ef5ec relative=0x000000000000048c
Event: 14291.874 Thread 0x0000015efef92ee0 Uncommon trap: reason=array_check action=maybe_recompile pc=0x0000015e885ef5ec method=org.eclipse.jdt.internal.compiler.lookup.UnresolvedReferenceBinding.addWrapper(Lorg/eclipse/jdt/internal/compiler/lookup/HotSwappable;Lorg/eclipse/jdt/internal/compiler/
Event: 14291.874 Thread 0x0000015efef92ee0 DEOPT PACKING pc=0x0000015e885ef5ec sp=0x0000002c687fcf90
Event: 14291.874 Thread 0x0000015efef92ee0 DEOPT UNPACKING pc=0x0000015e87583aa2 sp=0x0000002c687fcf40 mode 2
Event: 14291.888 Thread 0x0000015efef92ee0 Uncommon trap: trap_request=0xffffffd6 fr.pc=0x0000015e885ef5ec relative=0x000000000000048c
Event: 14291.888 Thread 0x0000015efef92ee0 Uncommon trap: reason=array_check action=maybe_recompile pc=0x0000015e885ef5ec method=org.eclipse.jdt.internal.compiler.lookup.UnresolvedReferenceBinding.addWrapper(Lorg/eclipse/jdt/internal/compiler/lookup/HotSwappable;Lorg/eclipse/jdt/internal/compiler/
Event: 14291.888 Thread 0x0000015efef92ee0 DEOPT PACKING pc=0x0000015e885ef5ec sp=0x0000002c687fcf60
Event: 14291.888 Thread 0x0000015efef92ee0 DEOPT UNPACKING pc=0x0000015e87583aa2 sp=0x0000002c687fcf10 mode 2
Event: 14291.889 Thread 0x0000015efef92ee0 Uncommon trap: trap_request=0xffffffd6 fr.pc=0x0000015e885ef5ec relative=0x000000000000048c
Event: 14291.889 Thread 0x0000015efef92ee0 Uncommon trap: reason=array_check action=maybe_recompile pc=0x0000015e885ef5ec method=org.eclipse.jdt.internal.compiler.lookup.UnresolvedReferenceBinding.addWrapper(Lorg/eclipse/jdt/internal/compiler/lookup/HotSwappable;Lorg/eclipse/jdt/internal/compiler/
Event: 14291.889 Thread 0x0000015efef92ee0 DEOPT PACKING pc=0x0000015e885ef5ec sp=0x0000002c687fcf20
Event: 14291.889 Thread 0x0000015efef92ee0 DEOPT UNPACKING pc=0x0000015e87583aa2 sp=0x0000002c687fced0 mode 2
Event: 14292.146 Thread 0x0000015efef92ee0 DEOPT PACKING pc=0x0000015e812fca05 sp=0x0000002c687fe660
Event: 14292.146 Thread 0x0000015efef92ee0 DEOPT UNPACKING pc=0x0000015e87584242 sp=0x0000002c687fdaa0 mode 0

Classes loaded (20 events):
Event: 13617.594 Loading class java/util/concurrent/CompletableFuture$UniHandle
Event: 13617.595 Loading class java/util/concurrent/CompletableFuture$UniHandle done
Event: 13646.650 Loading class jdk/internal/ref/CleanerImpl$InnocuousThreadFactory
Event: 13646.651 Loading class jdk/internal/ref/CleanerImpl$InnocuousThreadFactory done
Event: 13781.303 Loading class java/util/stream/Nodes$CollectorTask$OfRef
Event: 13781.312 Loading class java/util/stream/Nodes$CollectorTask
Event: 13781.321 Loading class java/util/stream/Nodes$CollectorTask done
Event: 13781.321 Loading class java/util/stream/Nodes$CollectorTask$OfRef done
Event: 13781.324 Loading class java/util/function/LongFunction
Event: 13781.326 Loading class java/util/function/LongFunction done
Event: 13781.331 Loading class java/util/stream/Nodes$ConcNode
Event: 13781.334 Loading class java/util/stream/Nodes$AbstractConcNode
Event: 13781.340 Loading class java/util/stream/Nodes$AbstractConcNode done
Event: 13781.340 Loading class java/util/stream/Nodes$ConcNode done
Event: 13781.395 Loading class java/io/ObjectOutputStream$BlockDataOutputStream
Event: 13781.399 Loading class java/io/ObjectOutputStream$BlockDataOutputStream done
Event: 13781.399 Loading class java/io/ObjectOutputStream$HandleTable
Event: 13781.403 Loading class java/io/ObjectOutputStream$HandleTable done
Event: 13781.404 Loading class java/io/ObjectOutputStream$ReplaceTable
Event: 13781.405 Loading class java/io/ObjectOutputStream$ReplaceTable done

Classes unloaded (7 events):
Event: 44.107 Thread 0x0000015eed58eae0 Unloading class 0x0000015e901a9400 'java/lang/invoke/LambdaForm$MH+0x0000015e901a9400'
Event: 44.107 Thread 0x0000015eed58eae0 Unloading class 0x0000015e901a9000 'java/lang/invoke/LambdaForm$MH+0x0000015e901a9000'
Event: 44.107 Thread 0x0000015eed58eae0 Unloading class 0x0000015e901a8c00 'java/lang/invoke/LambdaForm$MH+0x0000015e901a8c00'
Event: 44.107 Thread 0x0000015eed58eae0 Unloading class 0x0000015e901a8800 'java/lang/invoke/LambdaForm$MH+0x0000015e901a8800'
Event: 44.107 Thread 0x0000015eed58eae0 Unloading class 0x0000015e901a8400 'java/lang/invoke/LambdaForm$BMH+0x0000015e901a8400'
Event: 44.107 Thread 0x0000015eed58eae0 Unloading class 0x0000015e901a8000 'java/lang/invoke/LambdaForm$DMH+0x0000015e901a8000'
Event: 44.107 Thread 0x0000015eed58eae0 Unloading class 0x0000015e901a6c00 'java/lang/invoke/LambdaForm$DMH+0x0000015e901a6c00'

Classes redefined (0 events):
No events

Internal exceptions (20 events):
Event: 13698.918 Thread 0x0000015ed06d49f0 Exception <a 'sun/nio/fs/WindowsException'{0x00000000d567da98}> (0x00000000d567da98) 
thrown [s\src\hotspot\share\prims\jni.cpp, line 520]
Event: 13781.200 Thread 0x0000015ed06d7e70 Exception <a 'sun/nio/fs/WindowsException'{0x00000000d5742b68}> (0x00000000d5742b68) 
thrown [s\src\hotspot\share\prims\jni.cpp, line 520]
Event: 13781.203 Thread 0x0000015ed06d7e70 Exception <a 'sun/nio/fs/WindowsException'{0x00000000d57435a8}> (0x00000000d57435a8) 
thrown [s\src\hotspot\share\prims\jni.cpp, line 520]
Event: 13781.220 Thread 0x0000015ed06d7e70 Implicit null exception at 0x0000015e88263a0d to 0x0000015e88263d7c
Event: 13781.522 Thread 0x0000015ed06d7e70 Exception <a 'java/lang/NoSuchMethodError'{0x00000000d561a9a0}: static [J.<clinit>()V> (0x00000000d561a9a0) 
thrown [s\src\hotspot\share\prims\jni.cpp, line 1111]
Event: 13781.671 Thread 0x0000015ed06d7e70 Exception <a 'java/lang/NoSuchMethodError'{0x00000000d56ec2b8}: 'java.lang.Object java.lang.invoke.DirectMethodHandle$Holder.newInvokeSpecial(java.lang.Object, java.lang.Object, java.lang.Object, java.lang.Object, java.lang.Object, java.lang.Object, java.lang.Object, java.lang.Object)'> (0x00000000d56ec2b8) 
thrown [s\src\hotspot\share\interpreter\linkResolver.cpp, line 773]
Event: 14046.573 Thread 0x0000015ed06d49f0 Exception <a 'sun/nio/fs/WindowsException'{0x00000000d55ed1e8}> (0x00000000d55ed1e8) 
thrown [s\src\hotspot\share\prims\jni.cpp, line 520]
Event: 14046.576 Thread 0x0000015ed06d49f0 Exception <a 'sun/nio/fs/WindowsException'{0x00000000d55ed9d0}> (0x00000000d55ed9d0) 
thrown [s\src\hotspot\share\prims\jni.cpp, line 520]
Event: 14046.580 Thread 0x0000015ed06d49f0 Exception <a 'sun/nio/fs/WindowsException'{0x00000000d55ee5f8}> (0x00000000d55ee5f8) 
thrown [s\src\hotspot\share\prims\jni.cpp, line 520]
Event: 14046.580 Thread 0x0000015ed06d49f0 Exception <a 'sun/nio/fs/WindowsException'{0x00000000d55eede0}> (0x00000000d55eede0) 
thrown [s\src\hotspot\share\prims\jni.cpp, line 520]
Event: 14046.585 Thread 0x0000015ed06d49f0 Exception <a 'sun/nio/fs/WindowsException'{0x00000000d55f0458}> (0x00000000d55f0458) 
thrown [s\src\hotspot\share\prims\jni.cpp, line 520]
Event: 14046.585 Thread 0x0000015ed06d49f0 Exception <a 'sun/nio/fs/WindowsException'{0x00000000d55f0c30}> (0x00000000d55f0c30) 
thrown [s\src\hotspot\share\prims\jni.cpp, line 520]
Event: 14046.635 Thread 0x0000015ed06d49f0 Exception <a 'sun/nio/fs/WindowsException'{0x00000000d560c840}> (0x00000000d560c840) 
thrown [s\src\hotspot\share\prims\jni.cpp, line 520]
Event: 14046.636 Thread 0x0000015ed06d49f0 Exception <a 'sun/nio/fs/WindowsException'{0x00000000d560d028}> (0x00000000d560d028) 
thrown [s\src\hotspot\share\prims\jni.cpp, line 520]
Event: 14048.144 Thread 0x0000015ed06db2f0 Exception <a 'sun/nio/fs/WindowsException'{0x00000000d55a2fd8}> (0x00000000d55a2fd8) 
thrown [s\src\hotspot\share\prims\jni.cpp, line 520]
Event: 14048.147 Thread 0x0000015ed06db2f0 Exception <a 'sun/nio/fs/WindowsException'{0x00000000d55a3c88}> (0x00000000d55a3c88) 
thrown [s\src\hotspot\share\prims\jni.cpp, line 520]
Event: 14225.322 Thread 0x0000015ed06d9220 Exception <a 'sun/nio/fs/WindowsException'{0x00000000d55a13d8}> (0x00000000d55a13d8) 
thrown [s\src\hotspot\share\prims\jni.cpp, line 520]
Event: 14225.325 Thread 0x0000015ed06d9220 Exception <a 'sun/nio/fs/WindowsException'{0x00000000d55a1ba8}> (0x00000000d55a1ba8) 
thrown [s\src\hotspot\share\prims\jni.cpp, line 520]
Event: 14251.590 Thread 0x0000015efef93570 Exception <a 'sun/nio/fs/WindowsException'{0x00000000d55cc798}> (0x00000000d55cc798) 
thrown [s\src\hotspot\share\prims\jni.cpp, line 520]
Event: 14251.591 Thread 0x0000015efef93570 Exception <a 'sun/nio/fs/WindowsException'{0x00000000d55ccf68}> (0x00000000d55ccf68) 
thrown [s\src\hotspot\share\prims\jni.cpp, line 520]

ZGC Phase Switch (0 events):
No events

VM Operations (20 events):
Event: 14292.072 Executing VM operation: ParallelGCFailedAllocation (Allocation Failure) done
Event: 14292.085 Executing VM operation: ParallelGCFailedAllocation (Allocation Failure)
Event: 14292.095 Executing VM operation: ParallelGCFailedAllocation (Allocation Failure) done
Event: 14292.109 Executing VM operation: ParallelGCFailedAllocation (Allocation Failure)
Event: 14292.121 Executing VM operation: ParallelGCFailedAllocation (Allocation Failure) done
Event: 14292.151 Executing VM operation: ParallelGCFailedAllocation (Allocation Failure)
Event: 14292.168 Executing VM operation: ParallelGCFailedAllocation (Allocation Failure) done
Event: 14292.174 Executing VM operation: ParallelGCFailedAllocation (Allocation Failure)
Event: 14292.174 Executing VM operation: ParallelGCFailedAllocation (Allocation Failure) done
Event: 14292.175 Executing VM operation: ParallelGCSystemGC (GCLocker Initiated GC)
Event: 14292.181 Executing VM operation: ParallelGCSystemGC (GCLocker Initiated GC) done
Event: 14292.189 Executing VM operation: ParallelGCFailedAllocation (Allocation Failure)
Event: 14292.197 Executing VM operation: ParallelGCFailedAllocation (Allocation Failure) done
Event: 14292.226 Executing VM operation: ParallelGCFailedAllocation (Allocation Failure)
Event: 14292.233 Executing VM operation: ParallelGCFailedAllocation (Allocation Failure) done
Event: 14292.242 Executing VM operation: ParallelGCFailedAllocation (Allocation Failure)
Event: 14292.248 Executing VM operation: ParallelGCFailedAllocation (Allocation Failure) done
Event: 14292.256 Executing VM operation: ParallelGCFailedAllocation (Allocation Failure)
Event: 14292.274 Executing VM operation: ParallelGCFailedAllocation (Allocation Failure) done
Event: 14293.279 Executing VM operation: Cleanup

Memory protections (0 events):
No events

Nmethod flushes (20 events):
Event: 70.330 Thread 0x0000015eed58eae0 flushing  nmethod 0x0000015e80967390
Event: 70.330 Thread 0x0000015eed58eae0 flushing  nmethod 0x0000015e80967710
Event: 70.330 Thread 0x0000015eed58eae0 flushing  nmethod 0x0000015e80967d10
Event: 70.330 Thread 0x0000015eed58eae0 flushing  nmethod 0x0000015e80975e10
Event: 70.330 Thread 0x0000015eed58eae0 flushing  nmethod 0x0000015e80977a90
Event: 70.330 Thread 0x0000015eed58eae0 flushing  nmethod 0x0000015e8097cf90
Event: 70.330 Thread 0x0000015eed58eae0 flushing  nmethod 0x0000015e8097f590
Event: 70.330 Thread 0x0000015eed58eae0 flushing  nmethod 0x0000015e809a9390
Event: 70.330 Thread 0x0000015eed58eae0 flushing  nmethod 0x0000015e809a9910
Event: 70.330 Thread 0x0000015eed58eae0 flushing  nmethod 0x0000015e809a9d90
Event: 70.330 Thread 0x0000015eed58eae0 flushing  nmethod 0x0000015e809aa310
Event: 70.330 Thread 0x0000015eed58eae0 flushing  nmethod 0x0000015e809aa890
Event: 70.330 Thread 0x0000015eed58eae0 flushing  nmethod 0x0000015e809aba90
Event: 70.330 Thread 0x0000015eed58eae0 flushing  nmethod 0x0000015e809aca10
Event: 70.330 Thread 0x0000015eed58eae0 flushing  nmethod 0x0000015e809ad010
Event: 70.330 Thread 0x0000015eed58eae0 flushing  nmethod 0x0000015e809adc10
Event: 70.330 Thread 0x0000015eed58eae0 flushing  nmethod 0x0000015e809adf90
Event: 70.330 Thread 0x0000015eed58eae0 flushing  nmethod 0x0000015e809aed10
Event: 70.330 Thread 0x0000015eed58eae0 flushing  nmethod 0x0000015e809af210
Event: 70.330 Thread 0x0000015eed58eae0 flushing  nmethod 0x0000015e809aff10

Events (20 events):
Event: 14048.244 Thread 0x0000015ed06d77e0 Thread added: 0x0000015efef8e020
Event: 14048.251 Thread 0x0000015ed06d8500 Thread exited: 0x0000015ed06d8500
Event: 14049.881 Thread 0x0000015efef8e020 Thread exited: 0x0000015efef8e020
Event: 14107.946 Thread 0x0000015ed06d49f0 Thread exited: 0x0000015ed06d49f0
Event: 14134.231 Thread 0x0000015ed06d5710 Thread added: 0x0000015efef8e020
Event: 14135.132 Thread 0x0000015ed06d5710 Thread added: 0x0000015efef92850
Event: 14140.995 Thread 0x0000015efef92850 Thread added: 0x0000015efef93570
Event: 14167.952 Thread 0x0000015ed06d8b90 Thread exited: 0x0000015ed06d8b90
Event: 14224.365 Thread 0x0000015ed06d9220 Thread added: 0x0000015efef94290
Event: 14224.398 Thread 0x0000015efef94290 Thread exited: 0x0000015efef94290
Event: 14251.597 Thread 0x0000015efef93570 Thread added: 0x0000015efef92ee0
Event: 14251.599 Thread 0x0000015efef92ee0 Thread exited: 0x0000015efef92ee0
Event: 14251.656 Thread 0x0000015ef88a72b0 Thread added: 0x0000015ed1ef0a90
Event: 14251.726 Thread 0x0000015efef93570 Thread added: 0x0000015efef92ee0
Event: 14251.728 Thread 0x0000015efef92ee0 Thread exited: 0x0000015efef92ee0
Event: 14251.907 Thread 0x0000015ed1ef0a90 Thread exited: 0x0000015ed1ef0a90
Event: 14285.855 Thread 0x0000015ed06d9220 Thread exited: 0x0000015ed06d9220
Event: 14290.479 Thread 0x0000015efef914a0 Thread added: 0x0000015efef92ee0
Event: 14291.181 Thread 0x0000015ef88a72b0 Thread added: 0x0000015ed1ef0a90
Event: 14291.660 Thread 0x0000015ed1ef0a90 Thread exited: 0x0000015ed1ef0a90


Dynamic libraries:
0x00007ff76fb40000 - 0x00007ff76fb4e000 	c:\Users\zury sarahi\.vscode\extensions\redhat.java-1.50.0-win32-x64\jre\21.0.9-win32-x86_64\bin\java.exe
0x00007ffa41940000 - 0x00007ffa41ba7000 	C:\WINDOWS\SYSTEM32\ntdll.dll
0x00007ffa40810000 - 0x00007ffa408d9000 	C:\WINDOWS\System32\KERNEL32.DLL
0x00007ffa3eea0000 - 0x00007ffa3f28f000 	C:\WINDOWS\System32\KERNELBASE.dll
0x00007ffa3ea90000 - 0x00007ffa3ebdb000 	C:\WINDOWS\System32\ucrtbase.dll
0x00007ff9bfb20000 - 0x00007ff9bfb38000 	c:\Users\zury sarahi\.vscode\extensions\redhat.java-1.50.0-win32-x64\jre\21.0.9-win32-x86_64\bin\jli.dll
0x00007ff9bff50000 - 0x00007ff9bff6e000 	c:\Users\zury sarahi\.vscode\extensions\redhat.java-1.50.0-win32-x64\jre\21.0.9-win32-x86_64\bin\VCRUNTIME140.dll
0x00007ffa3f6e0000 - 0x00007ffa3f8a5000 	C:\WINDOWS\System32\USER32.dll
0x00007ffa18100000 - 0x00007ffa18393000 	C:\WINDOWS\WinSxS\amd64_microsoft.windows.common-controls_6595b64144ccf1df_6.0.26100.7309_none_3e05feeae336a044\COMCTL32.dll
0x00007ffa3ec90000 - 0x00007ffa3ecb7000 	C:\WINDOWS\System32\win32u.dll
0x00007ffa3f8b0000 - 0x00007ffa3f8db000 	C:\WINDOWS\System32\GDI32.dll
0x00007ffa41850000 - 0x00007ffa418f9000 	C:\WINDOWS\System32\msvcrt.dll
0x00007ffa3ecc0000 - 0x00007ffa3edec000 	C:\WINDOWS\System32\gdi32full.dll
0x00007ffa3ebe0000 - 0x00007ffa3ec83000 	C:\WINDOWS\System32\msvcp_win.dll
0x00007ffa3f8e0000 - 0x00007ffa3f911000 	C:\WINDOWS\System32\IMM32.DLL
0x00007ff9bff90000 - 0x00007ff9bff9c000 	c:\Users\zury sarahi\.vscode\extensions\redhat.java-1.50.0-win32-x64\jre\21.0.9-win32-x86_64\bin\vcruntime140_1.dll
0x00007ff9be420000 - 0x00007ff9be4ad000 	c:\Users\zury sarahi\.vscode\extensions\redhat.java-1.50.0-win32-x64\jre\21.0.9-win32-x86_64\bin\msvcp140.dll
0x00007ff9bd680000 - 0x00007ff9be420000 	c:\Users\zury sarahi\.vscode\extensions\redhat.java-1.50.0-win32-x64\jre\21.0.9-win32-x86_64\bin\server\jvm.dll
0x00007ffa3f920000 - 0x00007ffa3f9d4000 	C:\WINDOWS\System32\ADVAPI32.dll
0x00007ffa41730000 - 0x00007ffa417d6000 	C:\WINDOWS\System32\sechost.dll
0x00007ffa408e0000 - 0x00007ffa409f8000 	C:\WINDOWS\System32\RPCRT4.dll
0x00007ffa41370000 - 0x00007ffa413e4000 	C:\WINDOWS\System32\WS2_32.dll
0x00007ffa3e8f0000 - 0x00007ffa3e94e000 	C:\WINDOWS\SYSTEM32\POWRPROF.dll
0x00007ffa346c0000 - 0x00007ffa346f5000 	C:\WINDOWS\SYSTEM32\WINMM.dll
0x00007ffa2ffb0000 - 0x00007ffa2ffbb000 	C:\WINDOWS\SYSTEM32\VERSION.dll
0x00007ffa3e8d0000 - 0x00007ffa3e8e4000 	C:\WINDOWS\SYSTEM32\UMPDC.dll
0x00007ffa3d840000 - 0x00007ffa3d85b000 	C:\WINDOWS\SYSTEM32\kernel.appcore.dll
0x00007ff9bfb10000 - 0x00007ff9bfb1a000 	c:\Users\zury sarahi\.vscode\extensions\redhat.java-1.50.0-win32-x64\jre\21.0.9-win32-x86_64\bin\jimage.dll
0x00007ffa308c0000 - 0x00007ffa30b02000 	C:\WINDOWS\SYSTEM32\DBGHELP.DLL
0x00007ffa3f9e0000 - 0x00007ffa3fd66000 	C:\WINDOWS\System32\combase.dll
0x00007ffa40a00000 - 0x00007ffa40ad6000 	C:\WINDOWS\System32\OLEAUT32.dll
0x00007ffa20e00000 - 0x00007ffa20e3c000 	C:\WINDOWS\SYSTEM32\dbgcore.DLL
0x00007ffa3edf0000 - 0x00007ffa3ee95000 	C:\WINDOWS\System32\bcryptPrimitives.dll
0x00007ff9bfb00000 - 0x00007ff9bfb0f000 	c:\Users\zury sarahi\.vscode\extensions\redhat.java-1.50.0-win32-x64\jre\21.0.9-win32-x86_64\bin\instrument.dll
0x00007ffa0edd0000 - 0x00007ffa0edf0000 	c:\Users\zury sarahi\.vscode\extensions\redhat.java-1.50.0-win32-x64\jre\21.0.9-win32-x86_64\bin\java.dll
0x00007ffa40c10000 - 0x00007ffa41363000 	C:\WINDOWS\System32\SHELL32.dll
0x00007ffa3f360000 - 0x00007ffa3f4ca000 	C:\WINDOWS\System32\wintypes.dll
0x00007ffa3c690000 - 0x00007ffa3ceee000 	C:\WINDOWS\SYSTEM32\windows.storage.dll
0x00007ffa41630000 - 0x00007ffa41724000 	C:\WINDOWS\System32\SHCORE.dll
0x00007ffa417e0000 - 0x00007ffa41846000 	C:\WINDOWS\System32\shlwapi.dll
0x00007ffa3e9b0000 - 0x00007ffa3e9d9000 	C:\WINDOWS\SYSTEM32\profapi.dll
0x00007ffa0edb0000 - 0x00007ffa0edc8000 	c:\Users\zury sarahi\.vscode\extensions\redhat.java-1.50.0-win32-x64\jre\21.0.9-win32-x86_64\bin\zip.dll
0x00007ffa0eda0000 - 0x00007ffa0edb0000 	C:\Users\zury sarahi\.vscode\extensions\redhat.java-1.50.0-win32-x64\jre\21.0.9-win32-x86_64\bin\net.dll
0x00007ffa330b0000 - 0x00007ffa331d8000 	C:\WINDOWS\SYSTEM32\WINHTTP.dll
0x00007ffa3ddb0000 - 0x00007ffa3de1b000 	C:\WINDOWS\system32\mswsock.dll
0x00007ff9bd620000 - 0x00007ff9bd636000 	C:\Users\zury sarahi\.vscode\extensions\redhat.java-1.50.0-win32-x64\jre\21.0.9-win32-x86_64\bin\nio.dll
0x00007ffa0ed90000 - 0x00007ffa0eda0000 	c:\Users\zury sarahi\.vscode\extensions\redhat.java-1.50.0-win32-x64\jre\21.0.9-win32-x86_64\bin\verify.dll
0x00007ffa04960000 - 0x00007ffa049a4000 	C:\Users\zury sarahi\AppData\Roaming\Code\User\globalStorage\redhat.java\1.50.0\config_win\org.eclipse.equinox.launcher\org.eclipse.equinox.launcher.win32.win32.x86_64_1.2.1400.v20250801-0854\eclipse_11916.dll
0x00007ffa3fd70000 - 0x00007ffa3ff07000 	C:\WINDOWS\System32\ole32.dll
0x00007ffa3e070000 - 0x00007ffa3e08b000 	C:\WINDOWS\SYSTEM32\CRYPTSP.dll
0x00007ffa3d7a0000 - 0x00007ffa3d7da000 	C:\WINDOWS\system32\rsaenh.dll
0x00007ffa3de60000 - 0x00007ffa3de8b000 	C:\WINDOWS\SYSTEM32\USERENV.dll
0x00007ffa3e980000 - 0x00007ffa3e9aa000 	C:\WINDOWS\SYSTEM32\bcrypt.dll
0x00007ffa3e090000 - 0x00007ffa3e09c000 	C:\WINDOWS\SYSTEM32\CRYPTBASE.dll
0x00007ffa3d230000 - 0x00007ffa3d264000 	C:\WINDOWS\SYSTEM32\IPHLPAPI.DLL
0x00007ffa40b70000 - 0x00007ffa40b7a000 	C:\WINDOWS\System32\NSI.dll
0x00007ffa24fe0000 - 0x00007ffa25029000 	C:\Users\zury sarahi\AppData\Local\Temp\jna-554070492\jna15771132005690942827.dll
0x00007ffa40800000 - 0x00007ffa40808000 	C:\WINDOWS\System32\PSAPI.DLL
0x00007ffa38880000 - 0x00007ffa3889e000 	C:\WINDOWS\SYSTEM32\dhcpcsvc6.DLL
0x00007ffa38810000 - 0x00007ffa38833000 	C:\WINDOWS\SYSTEM32\dhcpcsvc.DLL
0x00007ffa179e0000 - 0x00007ffa179e9000 	C:\Users\zury sarahi\.vscode\extensions\redhat.java-1.50.0-win32-x64\jre\21.0.9-win32-x86_64\bin\extnet.dll

JVMTI agents:
c:\Users\zury sarahi\.vscode\extensions\redhat.java-1.50.0-win32-x64\lombok\lombok-1.18.39-4050.jar path:c:\Users\zury sarahi\.vscode\extensions\redhat.java-1.50.0-win32-x64\jre\21.0.9-win32-x86_64\bin\instrument.dll, loaded, initialized, instrumentlib options:none

dbghelp: loaded successfully - version: 4.0.5 - missing functions: none
symbol engine: initialized successfully - sym options: 0x614 - pdb path: .;c:\Users\zury sarahi\.vscode\extensions\redhat.java-1.50.0-win32-x64\jre\21.0.9-win32-x86_64\bin;C:\WINDOWS\SYSTEM32;C:\WINDOWS\WinSxS\amd64_microsoft.windows.common-controls_6595b64144ccf1df_6.0.26100.7309_none_3e05feeae336a044;c:\Users\zury sarahi\.vscode\extensions\redhat.java-1.50.0-win32-x64\jre\21.0.9-win32-x86_64\bin\server;C:\Users\zury sarahi\AppData\Roaming\Code\User\globalStorage\redhat.java\1.50.0\config_win\org.eclipse.equinox.launcher\org.eclipse.equinox.launcher.win32.win32.x86_64_1.2.1400.v20250801-0854;C:\Users\zury sarahi\AppData\Local\Temp\jna-554070492

VM Arguments:
jvm_args: --add-modules=ALL-SYSTEM --add-opens=java.base/java.util=ALL-UNNAMED --add-opens=java.base/java.lang=ALL-UNNAMED --add-opens=java.base/sun.nio.fs=ALL-UNNAMED -Declipse.application=org.eclipse.jdt.ls.core.id1 -Dosgi.bundles.defaultStartLevel=4 -Declipse.product=org.eclipse.jdt.ls.core.product -Djava.import.generatesMetadataFilesAtProjectRoot=false -DDetectVMInstallationsJob.disabled=true -Dfile.encoding=utf8 -XX:+UseParallelGC -XX:GCTimeRatio=4 -XX:AdaptiveSizePolicyWeight=90 -Dsun.zip.disableMemoryMapping=true -Xmx2G -Xms100m -Xlog:disable -javaagent:c:\Users\zury sarahi\.vscode\extensions\redhat.java-1.50.0-win32-x64\lombok\lombok-1.18.39-4050.jar -XX:+HeapDumpOnOutOfMemoryError -XX:HeapDumpPath=c:\Users\zury sarahi\AppData\Roaming\Code\User\workspaceStorage\18a07e67131bd1c454c148e9f1c50ca5\redhat.java -Daether.dependencyCollector.impl=bf 
java_command: c:\Users\zury sarahi\.vscode\extensions\redhat.java-1.50.0-win32-x64\server\plugins\org.eclipse.equinox.launcher_1.7.100.v20251111-0406.jar -configuration c:\Users\zury sarahi\AppData\Roaming\Code\User\globalStorage\redhat.java\1.50.0\config_win -data c:\Users\zury sarahi\AppData\Roaming\Code\User\workspaceStorage\18a07e67131bd1c454c148e9f1c50ca5\redhat.java\jdt_ws --pipe=\\.\pipe\lsp-b0257ec83c17e742010b6f005f23fdac-sock
java_class_path (initial): c:\Users\zury sarahi\.vscode\extensions\redhat.java-1.50.0-win32-x64\server\plugins\org.eclipse.equinox.launcher_1.7.100.v20251111-0406.jar
Launcher Type: SUN_STANDARD

[Global flags]
    uintx AdaptiveSizePolicyWeight                 = 90                                        {product} {command line}
     intx CICompilerCount                          = 4                                         {product} {ergonomic}
    uintx GCTimeRatio                              = 4                                         {product} {command line}
     bool HeapDumpOnOutOfMemoryError               = true                                   {manageable} {command line}
    ccstr HeapDumpPath                             = c:\Users\zury sarahi\AppData\Roaming\Code\User\workspaceStorage\18a07e67131bd1c454c148e9f1c50ca5\redhat.java         {manageable} {command line}
   size_t InitialHeapSize                          = 104857600                                 {product} {command line}
   size_t MaxHeapSize                              = 2147483648                                {product} {command line}
   size_t MaxNewSize                               = 715653120                                 {product} {ergonomic}
   size_t MinHeapDeltaBytes                        = 524288                                    {product} {ergonomic}
   size_t MinHeapSize                              = 104857600                                 {product} {command line}
   size_t NewSize                                  = 34603008                                  {product} {ergonomic}
    uintx NonNMethodCodeHeapSize                   = 5839372                                {pd product} {ergonomic}
    uintx NonProfiledCodeHeapSize                  = 122909434                              {pd product} {ergonomic}
   size_t OldSize                                  = 70254592                                  {product} {ergonomic}
     bool PerfDisableSharedMem                     = true                                      {product} {ergonomic}
    uintx ProfiledCodeHeapSize                     = 122909434                              {pd product} {ergonomic}
    uintx ReservedCodeCacheSize                    = 251658240                              {pd product} {ergonomic}
     bool SegmentedCodeCache                       = true                                      {product} {ergonomic}
   size_t SoftMaxHeapSize                          = 2147483648                             {manageable} {ergonomic}
     bool UseCompressedOops                        = true                           {product lp64_product} {ergonomic}
     bool UseLargePagesIndividualAllocation        = false                                  {pd product} {ergonomic}
     bool UseParallelGC                            = true                                      {product} {command line}

Logging:
Log output configuration:
 #0: stdout all=off uptime,level,tags foldmultilines=false
 #1: stderr all=off uptime,level,tags foldmultilines=false

Release file:
JAVA_VERSION="21.0.9" 
MODULES="java.base java.compiler java.datatransfer java.xml java.prefs java.desktop java.instrument java.logging java.management java.security.sasl java.naming java.rmi java.management.rmi java.net.http java.scripting java.security.jgss java.transaction.xa java.sql java.sql.rowset java.xml.crypto java.se java.smartcardio jdk.accessibility jdk.internal.jvmstat jdk.attach jdk.charsets jdk.internal.opt jdk.zipfs jdk.compiler jdk.crypto.ec jdk.crypto.cryptoki jdk.crypto.mscapi jdk.dynalink jdk.internal.ed jdk.editpad jdk.hotspot.agent jdk.httpserver jdk.internal.le jdk.internal.vm.ci jdk.internal.vm.compiler jdk.internal.vm.compiler.management jdk.jartool jdk.javadoc jdk.jcmd jdk.management jdk.management.agent jdk.jconsole jdk.jdeps jdk.jdwp.agent jdk.jdi jdk.jfr jdk.jshell jdk.jsobject jdk.jstatd jdk.localedata jdk.management.jfr jdk.naming.dns jdk.naming.rmi jdk.net jdk.nio.mapmode jdk.random jdk.sctp jdk.security.auth jdk.security.jgss jdk.unsupported jdk.unsupported.desktop jdk.xml.dom" 

Environment Variables:
JAVA_HOME=C:\Java\jdk-21
PATH=C:\Python314\Scripts\;C:\Python314\;C:\Program Files\Common Files\Oracle\Java\javapath;C:\Program Files\Java\jdk-21\bin;C:\apache-maven-3.9.11\bin;C:\Java\jdk-21\bin;C:\Program Files\Git\cmd;C:\Program Files\Docker\Docker\resources\bin;C:\Program Files\nodejs\;C:\ProgramData\chocolatey\bin;C:\gradle-9.2.1-bin\gradle-9.2.1\bin;C:\Users\zury sarahi\AppData\Local\Programs\Python\Python310\Scripts\;C:\Users\zury sarahi\AppData\Local\Programs\Python\Python310\;$env:PATH;$destino\bin;C:\Users\zury sarahi\AppData\Local\Programs\Microsoft VS Code\bin;C:\Users\zury sarahi\AppData\Roaming\npm
USERNAME=zury sarahi
OS=Windows_NT
PROCESSOR_IDENTIFIER=AMD64 Family 23 Model 160 Stepping 0, AuthenticAMD
TMP=C:\Users\ZURYSA~1\AppData\Local\Temp
TEMP=C:\Users\ZURYSA~1\AppData\Local\Temp




Periodic native trim disabled

---------------  S Y S T E M  ---------------

OS:
 Windows 11 , 64 bit Build 26100 (10.0.26100.7309)
OS uptime: 0 days 4:09 hours
Hyper-V role detected

CPU: total 8 (initial active 8) (8 cores per cpu, 2 threads per core) family 23 model 160 stepping 0 microcode 0x8a0000a, cx8, cmov, fxsr, ht, mmx, 3dnowpref, sse, sse2, sse3, ssse3, sse4a, sse4.1, sse4.2, popcnt, lzcnt, tsc, tscinvbit, avx, avx2, aes, clmul, bmi1, bmi2, adx, sha, fma, vzeroupper, clflush, clflushopt, hv, rdtscp, rdpid, f16c
Processor Information for processor 0
  Max Mhz: 2401, Current Mhz: 2401, Mhz Limit: 2401
Processor Information for processor 1
  Max Mhz: 2401, Current Mhz: 2401, Mhz Limit: 2401
Processor Information for processor 2
  Max Mhz: 2401, Current Mhz: 2401, Mhz Limit: 2401
Processor Information for processor 3
  Max Mhz: 2401, Current Mhz: 2401, Mhz Limit: 2401
Processor Information for processor 4
  Max Mhz: 2401, Current Mhz: 2401, Mhz Limit: 2401
Processor Information for processor 5
  Max Mhz: 2401, Current Mhz: 2000, Mhz Limit: 2401
Processor Information for processor 6
  Max Mhz: 2401, Current Mhz: 2401, Mhz Limit: 2401
Processor Information for processor 7
  Max Mhz: 2401, Current Mhz: 2401, Mhz Limit: 2401

Memory: 4k page, system-wide physical 7418M (344M free)
TotalPageFile size 29946M (AvailPageFile size 7M)
current process WorkingSet (physical memory assigned to process): 231M, peak: 463M
current process commit charge ("private bytes"): 1682M, peak: 1683M

vm_info: OpenJDK 64-Bit Server VM (21.0.9+10-LTS) for windows-amd64 JRE (21.0.9+10-LTS), built on 2025-10-21T00:00:00Z by "admin" with unknown MS VC++:1942

END.
